<?xml version="1.0" encoding="UTF-8" ?>
<testsuite failures="0" time="1.872" errors="1" skipped="0" tests="1" name="com.mycompany.transactionalxmlstore.XMLStoreContextTestSuite.XMLStoreContextTest">
  <properties>
[...]
</properties>
  <testcase time="1.857" classname="com.mycompany.transactionalxmlstore.XMLStoreContextTestSuite.XMLStoreContextTest" name="testSetExtraction">
    <error type="java.lang.NullPointerException">java.lang.NullPointerException
	at com.mycompany.transactionalxmlstore.XMLStoreContextTestSuite.XMLStoreContextTest.testSetExtraction(XMLStoreContextTest.java:40)
</error>
    <system-out>TestContext
</system-out>
    <system-err>Jul 18, 2012 6:23:46 PM com.mycompany.transactionalxmlstore.XMLStoreContext initializeStore
SEVERE: null
java.lang.reflect.InvocationTargetException
	at sun.reflect.NativeConstructorAccessorImpl.newInstance0(Native Method)
	at sun.reflect.NativeConstructorAccessorImpl.newInstance(NativeConstructorAccessorImpl.java:57)
	at sun.reflect.DelegatingConstructorAccessorImpl.newInstance(DelegatingConstructorAccessorImpl.java:45)
	at java.lang.reflect.Constructor.newInstance(Constructor.java:525)
	at com.mycompany.transactionalxmlstore.XMLStoreContext.initializeStore(XMLStoreContext.java:203)
	at com.mycompany.transactionalxmlstore.XMLStoreContext.&lt;init&gt;(XMLStoreContext.java:169)
	at com.mycompany.transactionalxmlstore.XMLStoreContextTestSuite.XMLStoreContextTest$TestContext.&lt;init&gt;(XMLStoreContextTest.java:32)
	at com.mycompany.transactionalxmlstore.XMLStoreContextTestSuite.XMLStoreContextTest$TestContext.&lt;init&gt;(XMLStoreContextTest.java:32)
	at com.mycompany.transactionalxmlstore.XMLStoreContextTestSuite.XMLStoreContextTest.testSetExtraction(XMLStoreContextTest.java:39)
	at sun.reflect.NativeMethodAccessorImpl.invoke0(Native Method)
	at sun.reflect.NativeMethodAccessorImpl.invoke(NativeMethodAccessorImpl.java:57)
	at sun.reflect.DelegatingMethodAccessorImpl.invoke(DelegatingMethodAccessorImpl.java:43)
	at java.lang.reflect.Method.invoke(Method.java:601)
	at junit.framework.TestCase.runTest(TestCase.java:154)
	at junit.framework.TestCase.runBare(TestCase.java:127)
	at junit.framework.TestResult$1.protect(TestResult.java:106)
	at junit.framework.TestResult.runProtected(TestResult.java:124)
	at junit.framework.TestResult.run(TestResult.java:109)
	at junit.framework.TestCase.run(TestCase.java:118)
	at junit.framework.TestSuite.runTest(TestSuite.java:208)
	at junit.framework.TestSuite.run(TestSuite.java:203)
	at sun.reflect.NativeMethodAccessorImpl.invoke0(Native Method)
	at sun.reflect.NativeMethodAccessorImpl.invoke(NativeMethodAccessorImpl.java:57)
	at sun.reflect.DelegatingMethodAccessorImpl.invoke(DelegatingMethodAccessorImpl.java:43)
	at java.lang.reflect.Method.invoke(Method.java:601)
	at org.apache.maven.surefire.junit.JUnitTestSet.execute(JUnitTestSet.java:96)
	at org.apache.maven.surefire.junit.JUnit3Provider.executeTestSet(JUnit3Provider.java:117)
	at org.apache.maven.surefire.junit.JUnit3Provider.invoke(JUnit3Provider.java:94)
	at sun.reflect.NativeMethodAccessorImpl.invoke0(Native Method)
	at sun.reflect.NativeMethodAccessorImpl.invoke(NativeMethodAccessorImpl.java:57)
	at sun.reflect.DelegatingMethodAccessorImpl.invoke(DelegatingMethodAccessorImpl.java:43)
	at java.lang.reflect.Method.invoke(Method.java:601)
	at org.apache.maven.surefire.util.ReflectionUtils.invokeMethodWithArray(ReflectionUtils.java:164)
	at org.apache.maven.surefire.booter.ProviderFactory$ProviderProxy.invoke(ProviderFactory.java:110)
	at org.apache.maven.surefire.booter.SurefireStarter.invokeProvider(SurefireStarter.java:175)
	at org.apache.maven.surefire.booter.SurefireStarter.runSuitesInProcessWhenForked(SurefireStarter.java:107)
	at org.apache.maven.surefire.booter.ForkedBooter.main(ForkedBooter.java:68)
Caused by: java.lang.RuntimeException: Uncompilable source code - cannot find symbol
  symbol:   class SequenceGenerator
  location: class com.mycompany.transactionalxmlstore.XMLStoreSet&lt;T&gt;
	at com.mycompany.transactionalxmlstore.XMLStoreSet.&lt;init&gt;(XMLStoreSet.java:28)
	... 37 more

Jul 18, 2012 6:23:46 PM com.mycompany.transactionalxmlstore.XMLStoreContext initializeStore
SEVERE: null
java.lang.reflect.InvocationTargetException
	at sun.reflect.NativeConstructorAccessorImpl.newInstance0(Native Method)
	at sun.reflect.NativeConstructorAccessorImpl.newInstance(NativeConstructorAccessorImpl.java:57)
	at sun.reflect.DelegatingConstructorAccessorImpl.newInstance(DelegatingConstructorAccessorImpl.java:45)
	at java.lang.reflect.Constructor.newInstance(Constructor.java:525)
	at com.mycompany.transactionalxmlstore.XMLStoreContext.initializeStore(XMLStoreContext.java:203)
	at com.mycompany.transactionalxmlstore.XMLStoreContext.&lt;init&gt;(XMLStoreContext.java:169)
	at com.mycompany.transactionalxmlstore.XMLStoreContextTestSuite.XMLStoreContextTest$TestContext.&lt;init&gt;(XMLStoreContextTest.java:32)
	at com.mycompany.transactionalxmlstore.XMLStoreContextTestSuite.XMLStoreContextTest$TestContext.&lt;init&gt;(XMLStoreContextTest.java:32)
	at com.mycompany.transactionalxmlstore.XMLStoreContextTestSuite.XMLStoreContextTest.testSetExtraction(XMLStoreContextTest.java:39)
	at sun.reflect.NativeMethodAccessorImpl.invoke0(Native Method)
	at sun.reflect.NativeMethodAccessorImpl.invoke(NativeMethodAccessorImpl.java:57)
	at sun.reflect.DelegatingMethodAccessorImpl.invoke(DelegatingMethodAccessorImpl.java:43)
	at java.lang.reflect.Method.invoke(Method.java:601)
	at junit.framework.TestCase.runTest(TestCase.java:154)
	at junit.framework.TestCase.runBare(TestCase.java:127)
	at junit.framework.TestResult$1.protect(TestResult.java:106)
	at junit.framework.TestResult.runProtected(TestResult.java:124)
	at junit.framework.TestResult.run(TestResult.java:109)
	at junit.framework.TestCase.run(TestCase.java:118)
	at junit.framework.TestSuite.runTest(TestSuite.java:208)
	at junit.framework.TestSuite.run(TestSuite.java:203)
	at sun.reflect.NativeMethodAccessorImpl.invoke0(Native Method)
	at sun.reflect.NativeMethodAccessorImpl.invoke(NativeMethodAccessorImpl.java:57)
	at sun.reflect.DelegatingMethodAccessorImpl.invoke(DelegatingMethodAccessorImpl.java:43)
	at java.lang.reflect.Method.invoke(Method.java:601)
	at org.apache.maven.surefire.junit.JUnitTestSet.execute(JUnitTestSet.java:96)
	at org.apache.maven.surefire.junit.JUnit3Provider.executeTestSet(JUnit3Provider.java:117)
	at org.apache.maven.surefire.junit.JUnit3Provider.invoke(JUnit3Provider.java:94)
	at sun.reflect.NativeMethodAccessorImpl.invoke0(Native Method)
	at sun.reflect.NativeMethodAccessorImpl.invoke(NativeMethodAccessorImpl.java:57)
	at sun.reflect.DelegatingMethodAccessorImpl.invoke(DelegatingMethodAccessorImpl.java:43)
	at java.lang.reflect.Method.invoke(Method.java:601)
	at org.apache.maven.surefire.util.ReflectionUtils.invokeMethodWithArray(ReflectionUtils.java:164)
	at org.apache.maven.surefire.booter.ProviderFactory$ProviderProxy.invoke(ProviderFactory.java:110)
	at org.apache.maven.surefire.booter.SurefireStarter.invokeProvider(SurefireStarter.java:175)
	at org.apache.maven.surefire.booter.SurefireStarter.runSuitesInProcessWhenForked(SurefireStarter.java:107)
	at org.apache.maven.surefire.booter.ForkedBooter.main(ForkedBooter.java:68)
Caused by: java.lang.RuntimeException: Uncompilable source code - cannot find symbol
  symbol:   class SequenceGenerator
  location: class com.mycompany.transactionalxmlstore.XMLStoreSet&lt;T&gt;
	at com.mycompany.transactionalxmlstore.XMLStoreSet.&lt;init&gt;(XMLStoreSet.java:28)
	... 37 more

</system-err>
  </testcase>
</testsuite>